<?xml version="1.0" encoding="UTF-8"?>
<testsuite xmlns:xsi="http://www.w3.org/2001/XMLSchema-instance" xsi:noNamespaceSchemaLocation="https://maven.apache.org/surefire/maven-surefire-plugin/xsd/surefire-test-report-3.0.xsd" version="3.0" name="br.com.gomide.hello.HelloApplicationTests" time="6.536" tests="1" errors="0" skipped="0" failures="0">
  <properties>
[...]
</properties>
  <testcase name="contextLoads" classname="br.com.gomide.hello.HelloApplicationTests" time="0.529">
    <system-out><![CDATA[16:19:54.939 [main] INFO org.springframework.test.context.support.AnnotationConfigContextLoaderUtils -- Could not detect default configuration classes for test class [br.com.gomide.hello.HelloApplicationTests]: HelloApplicationTests does not declare any static, non-private, non-final, nested classes annotated with @Configuration.
16:19:55.060 [main] INFO org.springframework.boot.test.context.SpringBootTestContextBootstrapper -- Found @SpringBootConfiguration br.com.gomide.hello.HelloApplication for test class br.com.gomide.hello.HelloApplicationTests
16:19:55.253 [main] INFO org.springframework.boot.devtools.restart.RestartApplicationListener -- Restart disabled due to context in which it is running

  .   ____          _            __ _ _
 /\\ / ___'_ __ _ _(_)_ __  __ _ \ \ \ \
( ( )\___ | '_ | '_| | '_ \/ _` | \ \ \ \
 \\/  ___)| |_)| | | | | || (_| |  ) ) ) )
  '  |____| .__|_| |_|_| |_\__, | / / / /
 =========|_|==============|___/=/_/_/_/

 :: Spring Boot ::                (v3.3.1)

2024-12-08T16:19:55.592-03:00  INFO 14948 --- [hello] [           main] b.c.gomide.hello.HelloApplicationTests   : Starting HelloApplicationTests using Java 21.0.5 with PID 14948 (started by Marizâgela in C:\Users\Marizâgela\Downloads\ProjetoFinal\API (3))
2024-12-08T16:19:55.592-03:00  INFO 14948 --- [hello] [           main] b.c.gomide.hello.HelloApplicationTests   : No active profile set, falling back to 1 default profile: "default"
2024-12-08T16:19:56.432-03:00  INFO 14948 --- [hello] [           main] .s.d.r.c.RepositoryConfigurationDelegate : Bootstrapping Spring Data JPA repositories in DEFAULT mode.
2024-12-08T16:19:56.522-03:00  INFO 14948 --- [hello] [           main] .s.d.r.c.RepositoryConfigurationDelegate : Finished Spring Data repository scanning in 78 ms. Found 4 JPA repository interfaces.
2024-12-08T16:19:57.202-03:00  INFO 14948 --- [hello] [           main] com.zaxxer.hikari.HikariDataSource       : HikariPool-1 - Starting...
2024-12-08T16:19:57.512-03:00  INFO 14948 --- [hello] [           main] com.zaxxer.hikari.pool.HikariPool        : HikariPool-1 - Added connection org.postgresql.jdbc.PgConnection@7418d76e
2024-12-08T16:19:57.512-03:00  INFO 14948 --- [hello] [           main] com.zaxxer.hikari.HikariDataSource       : HikariPool-1 - Start completed.
2024-12-08T16:19:57.569-03:00  INFO 14948 --- [hello] [           main] org.flywaydb.core.FlywayExecutor         : Database: jdbc:postgresql://localhost:5432/Barber_app (PostgreSQL 17.0)
2024-12-08T16:19:57.576-03:00  WARN 14948 --- [hello] [           main] o.f.c.internal.database.base.Database    : Flyway upgrade recommended: PostgreSQL 17.0 is newer than this version of Flyway and support has not been tested. The latest supported version of PostgreSQL is 16.
2024-12-08T16:19:57.683-03:00  INFO 14948 --- [hello] [           main] o.f.core.internal.command.DbValidate     : Successfully validated 7 migrations (execution time 00:00.074s)
2024-12-08T16:19:57.721-03:00  INFO 14948 --- [hello] [           main] o.f.core.internal.command.DbMigrate      : Current version of schema "public": 7
2024-12-08T16:19:57.728-03:00  INFO 14948 --- [hello] [           main] o.f.core.internal.command.DbMigrate      : Schema "public" is up to date. No migration necessary.
2024-12-08T16:19:57.908-03:00  INFO 14948 --- [hello] [           main] o.hibernate.jpa.internal.util.LogHelper  : HHH000204: Processing PersistenceUnitInfo [name: default]
2024-12-08T16:19:57.986-03:00  INFO 14948 --- [hello] [           main] org.hibernate.Version                    : HHH000412: Hibernate ORM core version 6.5.2.Final
2024-12-08T16:19:58.028-03:00  INFO 14948 --- [hello] [           main] o.h.c.internal.RegionFactoryInitiator    : HHH000026: Second-level cache disabled
2024-12-08T16:19:58.508-03:00  INFO 14948 --- [hello] [           main] o.s.o.j.p.SpringPersistenceUnitInfo      : No LoadTimeWeaver setup: ignoring JPA class transformer
2024-12-08T16:19:59.530-03:00  INFO 14948 --- [hello] [           main] o.h.e.t.j.p.i.JtaPlatformInitiator       : HHH000489: No JTA platform available (set 'hibernate.transaction.jta.platform' to enable JTA platform integration)
2024-12-08T16:19:59.530-03:00  INFO 14948 --- [hello] [           main] j.LocalContainerEntityManagerFactoryBean : Initialized JPA EntityManagerFactory for persistence unit 'default'
2024-12-08T16:20:00.172-03:00  WARN 14948 --- [hello] [           main] JpaBaseConfiguration$JpaWebConfiguration : spring.jpa.open-in-view is enabled by default. Therefore, database queries may be performed during view rendering. Explicitly configure spring.jpa.open-in-view to disable this warning
2024-12-08T16:20:00.687-03:00  INFO 14948 --- [hello] [           main] b.c.gomide.hello.HelloApplicationTests   : Started HelloApplicationTests in 5.446 seconds (process running for 6.584)
]]></system-out>
    <system-err><![CDATA[WARNING: A Java agent has been loaded dynamically (C:\Users\Marizâgela\.m2\repository\net\bytebuddy\byte-buddy-agent\1.14.17\byte-buddy-agent-1.14.17.jar)
WARNING: If a serviceability tool is in use, please run with -XX:+EnableDynamicAgentLoading to hide this warning
WARNING: If a serviceability tool is not in use, please run with -Djdk.instrument.traceUsage for more information
WARNING: Dynamic loading of agents will be disallowed by default in a future release
]]></system-err>
  </testcase>
</testsuite>